PowerPlay Power Analyzer report for LBM_DE2
Sun Nov 14 17:16:14 2021
Quartus II 64-Bit Version 13.1.0 Build 162 10/23/2013 SJ Web Edition


---------------------
; Table of Contents ;
---------------------
  1. Legal Notice
  2. PowerPlay Power Analyzer Summary
  3. PowerPlay Power Analyzer Settings
  4. Indeterminate Toggle Rates
  5. Operating Conditions Used
  6. Thermal Power Dissipation by Block
  7. Thermal Power Dissipation by Block Type
  8. Thermal Power Dissipation by Hierarchy
  9. Core Dynamic Thermal Power Dissipation by Clock Domain
 10. Current Drawn from Voltage Supplies Summary
 11. VCCIO Supply Current Drawn by I/O Bank
 12. VCCIO Supply Current Drawn by Voltage
 13. Confidence Metric Details
 14. Signal Activities
 15. PowerPlay Power Analyzer Messages



----------------
; Legal Notice ;
----------------
Copyright (C) 1991-2013 Altera Corporation
Your use of Altera Corporation's design tools, logic functions 
and other software and tools, and its AMPP partner logic 
functions, and any output files from any of the foregoing 
(including device programming or simulation files), and any 
associated documentation or information are expressly subject 
to the terms and conditions of the Altera Program License 
Subscription Agreement, Altera MegaCore Function License 
Agreement, or other applicable license agreement, including, 
without limitation, that your use is for the sole purpose of 
programming logic devices manufactured by Altera and sold by 
Altera or its authorized distributors.  Please refer to the 
applicable agreement for further details.



+-------------------------------------------------------------------------------------------+
; PowerPlay Power Analyzer Summary                                                          ;
+----------------------------------------+--------------------------------------------------+
; PowerPlay Power Analyzer Status        ; Successful - Sun Nov 14 17:16:14 2021            ;
; Quartus II 64-Bit Version              ; 13.1.0 Build 162 10/23/2013 SJ Web Edition       ;
; Revision Name                          ; LBM_DE2                                          ;
; Top-level Entity Name                  ; LBM_DE2                                          ;
; Family                                 ; Cyclone IV E                                     ;
; Device                                 ; EP4CE115F29C7                                    ;
; Power Models                           ; Final                                            ;
; Total Thermal Power Dissipation        ; 130.18 mW                                        ;
; Core Dynamic Thermal Power Dissipation ; 0.00 mW                                          ;
; Core Static Thermal Power Dissipation  ; 99.08 mW                                         ;
; I/O Thermal Power Dissipation          ; 31.10 mW                                         ;
; Power Estimation Confidence            ; Low: user provided insufficient toggle rate data ;
+----------------------------------------+--------------------------------------------------+


+------------------------------------------------------------------------------------------------------------------------------------+
; PowerPlay Power Analyzer Settings                                                                                                  ;
+----------------------------------------------------------------------------+---------------------------------------+---------------+
; Option                                                                     ; Setting                               ; Default Value ;
+----------------------------------------------------------------------------+---------------------------------------+---------------+
; Use smart compilation                                                      ; Off                                   ; Off           ;
; Enable parallel Assembler and TimeQuest Timing Analyzer during compilation ; On                                    ; On            ;
; Enable compact report table                                                ; Off                                   ; Off           ;
; Default Power Input I/O Toggle Rate                                        ; 12.5%                                 ; 12.5%         ;
; Preset Cooling Solution                                                    ; 23 MM HEAT SINK WITH 200 LFPM AIRFLOW ;               ;
; Board thermal model                                                        ; None (CONSERVATIVE)                   ;               ;
; Default Power Toggle Rate                                                  ; 12.5%                                 ; 12.5%         ;
; Use vectorless estimation                                                  ; On                                    ; On            ;
; Use Input Files                                                            ; Off                                   ; Off           ;
; Filter Glitches in VCD File Reader                                         ; On                                    ; On            ;
; Power Analyzer Report Signal Activity                                      ; Off                                   ; Off           ;
; Power Analyzer Report Power Dissipation                                    ; Off                                   ; Off           ;
; Device Power Characteristics                                               ; TYPICAL                               ; TYPICAL       ;
; Automatically Compute Junction Temperature                                 ; On                                    ; On            ;
; Specified Junction Temperature                                             ; 25                                    ; 25            ;
; Ambient Temperature                                                        ; 25                                    ; 25            ;
; Use Custom Cooling Solution                                                ; Off                                   ; Off           ;
; Board Temperature                                                          ; 25                                    ; 25            ;
+----------------------------------------------------------------------------+---------------------------------------+---------------+


+----------------------------------------+
; Indeterminate Toggle Rates             ;
+----------+-----------------------------+
; Node     ; Reason                      ;
+----------+-----------------------------+
; CLOCK_50 ; No valid clock domain found ;
; RESET    ; No valid clock domain found ;
+----------+-----------------------------+


+-------------------------------------------------------------------------+
; Operating Conditions Used                                               ;
+---------------------------------------------+---------------------------+
; Setting                                     ; Value                     ;
+---------------------------------------------+---------------------------+
; Device power characteristics                ; Typical                   ;
;                                             ;                           ;
; Voltages                                    ;                           ;
;     VCCINT                                  ; 1.20 V                    ;
;     VCCA                                    ; 2.50 V                    ;
;     VCCD                                    ; 1.20 V                    ;
;     2.5 V I/O Standard                      ; 2.5 V                     ;
;                                             ;                           ;
; Auto computed junction temperature          ; 25.8 degrees Celsius      ;
;     Ambient temperature                     ; 25.0 degrees Celsius      ;
;     Junction-to-Case thermal resistance     ; 3.90 degrees Celsius/Watt ;
;     Case-to-Heat Sink thermal resistance    ; 0.10 degrees Celsius/Watt ;
;     Heat Sink-to-Ambient thermal resistance ; 2.50 degrees Celsius/Watt ;
;                                             ;                           ;
; Board model used                            ; None                      ;
+---------------------------------------------+---------------------------+


+----------------------------------------------------------------------------------------------------------------------------------------------+
; Thermal Power Dissipation by Block                                                                                                           ;
+------------+------------+---------------------+-----------------------------+--------------------------------+-------------------------------+
; Block Name ; Block Type ; Total Thermal Power ; Block Thermal Dynamic Power ; Block Thermal Static Power (1) ; Routing Thermal Dynamic Power ;
+------------+------------+---------------------+-----------------------------+--------------------------------+-------------------------------+
(1) The "Thermal Power Dissipation by Block" Table has been hidden. To show this table, please select the "Write power dissipation by block to report file" option under "PowerPlay Power Analyzer Settings".


+---------------------------------------------------------------------------------------------------------------------------------------------------------------------------------------------------------------------------+
; Thermal Power Dissipation by Block Type                                                                                                                                                                                   ;
+----------------------------+-----------------------------------+-----------------------------+--------------------------------+-------------------------------+-----------------------------------------------------------+
; Block Type                 ; Total Thermal Power by Block Type ; Block Thermal Dynamic Power ; Block Thermal Static Power (1) ; Routing Thermal Dynamic Power ; Block Average Toggle Rate (millions of transitions / sec) ;
+----------------------------+-----------------------------------+-----------------------------+--------------------------------+-------------------------------+-----------------------------------------------------------+
; M9K                        ; 0.00 mW                           ; 0.00 mW                     ; --                             ; 0.00 mW                       ;    0.000                                                  ;
; Embedded multiplier block  ; 0.00 mW                           ; 0.00 mW                     ; --                             ; 0.00 mW                       ;    0.000                                                  ;
; Embedded multiplier output ; 0.00 mW                           ; 0.00 mW                     ; --                             ; 0.00 mW                       ;    0.000                                                  ;
; Combinational cell         ; 0.00 mW                           ; 0.00 mW                     ; --                             ; 0.00 mW                       ;    0.000                                                  ;
; Clock control block        ; 0.00 mW                           ; 0.00 mW                     ; --                             ; 0.00 mW                       ;    0.000                                                  ;
; Register cell              ; 0.00 mW                           ; 0.00 mW                     ; --                             ; 0.00 mW                       ;    0.000                                                  ;
; I/O                        ; 1.10 mW                           ; 0.00 mW                     ; 1.10 mW                        ; 0.00 mW                       ;    0.000                                                  ;
+----------------------------+-----------------------------------+-----------------------------+--------------------------------+-------------------------------+-----------------------------------------------------------+
(1) The "Block Thermal Static Power" for all block types except Pins and the Voltage Regulator, if one exists, is part of the "Core Static Thermal Power Dissipation" value found on the PowerPlay Power Analyzer-->Summary report panel. The "Core Static Thermal Power Dissipation" also contains the thermal static power dissipated by the routing.


+---------------------------------------------------------------------------------------------------------------------------------------------------------------------------------------------------------------------------------------------------------------------------------------+
; Thermal Power Dissipation by Hierarchy                                                                                                                                                                                                                                                ;
+---------------------------------------------+--------------------------------------+---------------------------------+-----------------------------------+-----------------------------------+----------------------------------------------------------------------------------------+
; Compilation Hierarchy Node                  ; Total Thermal Power by Hierarchy (1) ; Block Thermal Dynamic Power (1) ; Block Thermal Static Power (1)(2) ; Routing Thermal Dynamic Power (1) ; Full Hierarchy Name                                                                    ;
+---------------------------------------------+--------------------------------------+---------------------------------+-----------------------------------+-----------------------------------+----------------------------------------------------------------------------------------+
; |LBM_DE2                                    ; 1.10 mW (1.10 mW)                    ; 0.00 mW (0.00 mW)               ; 1.10 mW (1.10 mW)                 ; 0.00 mW (0.00 mW)                 ; |LBM_DE2                                                                               ;
;     |adder2:ad11                            ; 0.00 mW (0.00 mW)                    ; 0.00 mW (0.00 mW)               ; --                                ; 0.00 mW (0.00 mW)                 ; |LBM_DE2|adder2:ad11                                                                   ;
;     |adder2:add0                            ; 0.00 mW (0.00 mW)                    ; 0.00 mW (0.00 mW)               ; --                                ; 0.00 mW (0.00 mW)                 ; |LBM_DE2|adder2:add0                                                                   ;
;     |adder2:add1                            ; 0.00 mW (0.00 mW)                    ; 0.00 mW (0.00 mW)               ; --                                ; 0.00 mW (0.00 mW)                 ; |LBM_DE2|adder2:add1                                                                   ;
;     |adder2:add2                            ; 0.00 mW (0.00 mW)                    ; 0.00 mW (0.00 mW)               ; --                                ; 0.00 mW (0.00 mW)                 ; |LBM_DE2|adder2:add2                                                                   ;
;     |adder2:add3                            ; 0.00 mW (0.00 mW)                    ; 0.00 mW (0.00 mW)               ; --                                ; 0.00 mW (0.00 mW)                 ; |LBM_DE2|adder2:add3                                                                   ;
;     |adder2:add4                            ; 0.00 mW (0.00 mW)                    ; 0.00 mW (0.00 mW)               ; --                                ; 0.00 mW (0.00 mW)                 ; |LBM_DE2|adder2:add4                                                                   ;
;     |adder2:add5                            ; 0.00 mW (0.00 mW)                    ; 0.00 mW (0.00 mW)               ; --                                ; 0.00 mW (0.00 mW)                 ; |LBM_DE2|adder2:add5                                                                   ;
;     |adder2:add6                            ; 0.00 mW (0.00 mW)                    ; 0.00 mW (0.00 mW)               ; --                                ; 0.00 mW (0.00 mW)                 ; |LBM_DE2|adder2:add6                                                                   ;
;     |adder2:add7                            ; 0.00 mW (0.00 mW)                    ; 0.00 mW (0.00 mW)               ; --                                ; 0.00 mW (0.00 mW)                 ; |LBM_DE2|adder2:add7                                                                   ;
;     |adder2:add8                            ; 0.00 mW (0.00 mW)                    ; 0.00 mW (0.00 mW)               ; --                                ; 0.00 mW (0.00 mW)                 ; |LBM_DE2|adder2:add8                                                                   ;
;     |adder2:add9                            ; 0.00 mW (0.00 mW)                    ; 0.00 mW (0.00 mW)               ; --                                ; 0.00 mW (0.00 mW)                 ; |LBM_DE2|adder2:add9                                                                   ;
;     |adder2:add10                           ; 0.00 mW (0.00 mW)                    ; 0.00 mW (0.00 mW)               ; --                                ; 0.00 mW (0.00 mW)                 ; |LBM_DE2|adder2:add10                                                                  ;
;     |adder2:add12                           ; 0.00 mW (0.00 mW)                    ; 0.00 mW (0.00 mW)               ; --                                ; 0.00 mW (0.00 mW)                 ; |LBM_DE2|adder2:add12                                                                  ;
;     |adder2:add13                           ; 0.00 mW (0.00 mW)                    ; 0.00 mW (0.00 mW)               ; --                                ; 0.00 mW (0.00 mW)                 ; |LBM_DE2|adder2:add13                                                                  ;
;     |adder2:add14                           ; 0.00 mW (0.00 mW)                    ; 0.00 mW (0.00 mW)               ; --                                ; 0.00 mW (0.00 mW)                 ; |LBM_DE2|adder2:add14                                                                  ;
;     |adder2:add15                           ; 0.00 mW (0.00 mW)                    ; 0.00 mW (0.00 mW)               ; --                                ; 0.00 mW (0.00 mW)                 ; |LBM_DE2|adder2:add15                                                                  ;
;     |adder2:add16                           ; 0.00 mW (0.00 mW)                    ; 0.00 mW (0.00 mW)               ; --                                ; 0.00 mW (0.00 mW)                 ; |LBM_DE2|adder2:add16                                                                  ;
;     |adder2:add17                           ; 0.00 mW (0.00 mW)                    ; 0.00 mW (0.00 mW)               ; --                                ; 0.00 mW (0.00 mW)                 ; |LBM_DE2|adder2:add17                                                                  ;
;     |adder2:add18                           ; 0.00 mW (0.00 mW)                    ; 0.00 mW (0.00 mW)               ; --                                ; 0.00 mW (0.00 mW)                 ; |LBM_DE2|adder2:add18                                                                  ;
;     |adder2:add19                           ; 0.00 mW (0.00 mW)                    ; 0.00 mW (0.00 mW)               ; --                                ; 0.00 mW (0.00 mW)                 ; |LBM_DE2|adder2:add19                                                                  ;
;     |adder2:add20                           ; 0.00 mW (0.00 mW)                    ; 0.00 mW (0.00 mW)               ; --                                ; 0.00 mW (0.00 mW)                 ; |LBM_DE2|adder2:add20                                                                  ;
;     |adder2:add21                           ; 0.00 mW (0.00 mW)                    ; 0.00 mW (0.00 mW)               ; --                                ; 0.00 mW (0.00 mW)                 ; |LBM_DE2|adder2:add21                                                                  ;
;     |adder2:add22                           ; 0.00 mW (0.00 mW)                    ; 0.00 mW (0.00 mW)               ; --                                ; 0.00 mW (0.00 mW)                 ; |LBM_DE2|adder2:add22                                                                  ;
;     |adder2:add23                           ; 0.00 mW (0.00 mW)                    ; 0.00 mW (0.00 mW)               ; --                                ; 0.00 mW (0.00 mW)                 ; |LBM_DE2|adder2:add23                                                                  ;
;     |adder2:add24                           ; 0.00 mW (0.00 mW)                    ; 0.00 mW (0.00 mW)               ; --                                ; 0.00 mW (0.00 mW)                 ; |LBM_DE2|adder2:add24                                                                  ;
;     |hard_block:auto_generated_inst         ; 0.00 mW (0.00 mW)                    ; 0.00 mW (0.00 mW)               ; --                                ; 0.00 mW (0.00 mW)                 ; |LBM_DE2|hard_block:auto_generated_inst                                                ;
;     |adder9:cxfin_sum                       ; 0.00 mW (0.00 mW)                    ; 0.00 mW (0.00 mW)               ; --                                ; 0.00 mW (0.00 mW)                 ; |LBM_DE2|adder9:cxfin_sum                                                              ;
;     |adder9:cyfin_sum                       ; 0.00 mW (0.00 mW)                    ; 0.00 mW (0.00 mW)               ; --                                ; 0.00 mW (0.00 mW)                 ; |LBM_DE2|adder9:cyfin_sum                                                              ;
;     |fp_div:div_ux                          ; 0.00 mW (0.00 mW)                    ; 0.00 mW (0.00 mW)               ; --                                ; 0.00 mW (0.00 mW)                 ; |LBM_DE2|fp_div:div_ux                                                                 ;
;     |fp_div:div_uy                          ; 0.00 mW (0.00 mW)                    ; 0.00 mW (0.00 mW)               ; --                                ; 0.00 mW (0.00 mW)                 ; |LBM_DE2|fp_div:div_uy                                                                 ;
;     |reg32:feq0_reg                         ; 0.00 mW (0.00 mW)                    ; 0.00 mW (0.00 mW)               ; --                                ; 0.00 mW (0.00 mW)                 ; |LBM_DE2|reg32:feq0_reg                                                                ;
;     |reg32:feq1_reg                         ; 0.00 mW (0.00 mW)                    ; 0.00 mW (0.00 mW)               ; --                                ; 0.00 mW (0.00 mW)                 ; |LBM_DE2|reg32:feq1_reg                                                                ;
;     |reg32:feq2_reg                         ; 0.00 mW (0.00 mW)                    ; 0.00 mW (0.00 mW)               ; --                                ; 0.00 mW (0.00 mW)                 ; |LBM_DE2|reg32:feq2_reg                                                                ;
;     |reg32:feq3_reg                         ; 0.00 mW (0.00 mW)                    ; 0.00 mW (0.00 mW)               ; --                                ; 0.00 mW (0.00 mW)                 ; |LBM_DE2|reg32:feq3_reg                                                                ;
;     |reg32:feq4_reg                         ; 0.00 mW (0.00 mW)                    ; 0.00 mW (0.00 mW)               ; --                                ; 0.00 mW (0.00 mW)                 ; |LBM_DE2|reg32:feq4_reg                                                                ;
;     |reg32:feq5_reg                         ; 0.00 mW (0.00 mW)                    ; 0.00 mW (0.00 mW)               ; --                                ; 0.00 mW (0.00 mW)                 ; |LBM_DE2|reg32:feq5_reg                                                                ;
;     |reg32:feq6_reg                         ; 0.00 mW (0.00 mW)                    ; 0.00 mW (0.00 mW)               ; --                                ; 0.00 mW (0.00 mW)                 ; |LBM_DE2|reg32:feq6_reg                                                                ;
;     |reg32:feq7_reg                         ; 0.00 mW (0.00 mW)                    ; 0.00 mW (0.00 mW)               ; --                                ; 0.00 mW (0.00 mW)                 ; |LBM_DE2|reg32:feq7_reg                                                                ;
;     |reg32:feq8_reg                         ; 0.00 mW (0.00 mW)                    ; 0.00 mW (0.00 mW)               ; --                                ; 0.00 mW (0.00 mW)                 ; |LBM_DE2|reg32:feq8_reg                                                                ;
;     |reg32:fin0_reg                         ; 0.00 mW (0.00 mW)                    ; 0.00 mW (0.00 mW)               ; --                                ; 0.00 mW (0.00 mW)                 ; |LBM_DE2|reg32:fin0_reg                                                                ;
;     |reg32:fin1_reg                         ; 0.00 mW (0.00 mW)                    ; 0.00 mW (0.00 mW)               ; --                                ; 0.00 mW (0.00 mW)                 ; |LBM_DE2|reg32:fin1_reg                                                                ;
;     |reg32:fin2_reg                         ; 0.00 mW (0.00 mW)                    ; 0.00 mW (0.00 mW)               ; --                                ; 0.00 mW (0.00 mW)                 ; |LBM_DE2|reg32:fin2_reg                                                                ;
;     |reg32:fin3_reg                         ; 0.00 mW (0.00 mW)                    ; 0.00 mW (0.00 mW)               ; --                                ; 0.00 mW (0.00 mW)                 ; |LBM_DE2|reg32:fin3_reg                                                                ;
;     |reg32:fin4_reg                         ; 0.00 mW (0.00 mW)                    ; 0.00 mW (0.00 mW)               ; --                                ; 0.00 mW (0.00 mW)                 ; |LBM_DE2|reg32:fin4_reg                                                                ;
;     |reg32:fin5_reg                         ; 0.00 mW (0.00 mW)                    ; 0.00 mW (0.00 mW)               ; --                                ; 0.00 mW (0.00 mW)                 ; |LBM_DE2|reg32:fin5_reg                                                                ;
;     |reg32:fin6_reg                         ; 0.00 mW (0.00 mW)                    ; 0.00 mW (0.00 mW)               ; --                                ; 0.00 mW (0.00 mW)                 ; |LBM_DE2|reg32:fin6_reg                                                                ;
;     |reg32:fin7_reg                         ; 0.00 mW (0.00 mW)                    ; 0.00 mW (0.00 mW)               ; --                                ; 0.00 mW (0.00 mW)                 ; |LBM_DE2|reg32:fin7_reg                                                                ;
;     |reg32:fin8_reg                         ; 0.00 mW (0.00 mW)                    ; 0.00 mW (0.00 mW)               ; --                                ; 0.00 mW (0.00 mW)                 ; |LBM_DE2|reg32:fin8_reg                                                                ;
;     |mux11:fin_mem_mux                      ; 0.00 mW (0.00 mW)                    ; 0.00 mW (0.00 mW)               ; --                                ; 0.00 mW (0.00 mW)                 ; |LBM_DE2|mux11:fin_mem_mux                                                             ;
;     |distribution_ram:fin_ram               ; 0.00 mW (0.00 mW)                    ; 0.00 mW (0.00 mW)               ; --                                ; 0.00 mW (0.00 mW)                 ; |LBM_DE2|distribution_ram:fin_ram                                                      ;
;         |altsyncram:mem_rtl_0               ; 0.00 mW (0.00 mW)                    ; 0.00 mW (0.00 mW)               ; --                                ; 0.00 mW (0.00 mW)                 ; |LBM_DE2|distribution_ram:fin_ram|altsyncram:mem_rtl_0                                 ;
;             |altsyncram_pf81:auto_generated ; 0.00 mW (0.00 mW)                    ; 0.00 mW (0.00 mW)               ; --                                ; 0.00 mW (0.00 mW)                 ; |LBM_DE2|distribution_ram:fin_ram|altsyncram:mem_rtl_0|altsyncram_pf81:auto_generated  ;
;     |adder9:fin_sum                         ; 0.00 mW (0.00 mW)                    ; 0.00 mW (0.00 mW)               ; --                                ; 0.00 mW (0.00 mW)                 ; |LBM_DE2|adder9:fin_sum                                                                ;
;     |reg32:fout0_reg                        ; 0.00 mW (0.00 mW)                    ; 0.00 mW (0.00 mW)               ; --                                ; 0.00 mW (0.00 mW)                 ; |LBM_DE2|reg32:fout0_reg                                                               ;
;     |reg32:fout1_reg                        ; 0.00 mW (0.00 mW)                    ; 0.00 mW (0.00 mW)               ; --                                ; 0.00 mW (0.00 mW)                 ; |LBM_DE2|reg32:fout1_reg                                                               ;
;     |reg32:fout2_reg                        ; 0.00 mW (0.00 mW)                    ; 0.00 mW (0.00 mW)               ; --                                ; 0.00 mW (0.00 mW)                 ; |LBM_DE2|reg32:fout2_reg                                                               ;
;     |reg32:fout3_reg                        ; 0.00 mW (0.00 mW)                    ; 0.00 mW (0.00 mW)               ; --                                ; 0.00 mW (0.00 mW)                 ; |LBM_DE2|reg32:fout3_reg                                                               ;
;     |reg32:fout4_reg                        ; 0.00 mW (0.00 mW)                    ; 0.00 mW (0.00 mW)               ; --                                ; 0.00 mW (0.00 mW)                 ; |LBM_DE2|reg32:fout4_reg                                                               ;
;     |reg32:fout5_reg                        ; 0.00 mW (0.00 mW)                    ; 0.00 mW (0.00 mW)               ; --                                ; 0.00 mW (0.00 mW)                 ; |LBM_DE2|reg32:fout5_reg                                                               ;
;     |reg32:fout6_reg                        ; 0.00 mW (0.00 mW)                    ; 0.00 mW (0.00 mW)               ; --                                ; 0.00 mW (0.00 mW)                 ; |LBM_DE2|reg32:fout6_reg                                                               ;
;     |reg32:fout7_reg                        ; 0.00 mW (0.00 mW)                    ; 0.00 mW (0.00 mW)               ; --                                ; 0.00 mW (0.00 mW)                 ; |LBM_DE2|reg32:fout7_reg                                                               ;
;     |reg32:fout8_reg                        ; 0.00 mW (0.00 mW)                    ; 0.00 mW (0.00 mW)               ; --                                ; 0.00 mW (0.00 mW)                 ; |LBM_DE2|reg32:fout8_reg                                                               ;
;     |distribution_ram:fout_ram              ; 0.00 mW (0.00 mW)                    ; 0.00 mW (0.00 mW)               ; --                                ; 0.00 mW (0.00 mW)                 ; |LBM_DE2|distribution_ram:fout_ram                                                     ;
;         |altsyncram:mem_rtl_0               ; 0.00 mW (0.00 mW)                    ; 0.00 mW (0.00 mW)               ; --                                ; 0.00 mW (0.00 mW)                 ; |LBM_DE2|distribution_ram:fout_ram|altsyncram:mem_rtl_0                                ;
;             |altsyncram_pf81:auto_generated ; 0.00 mW (0.00 mW)                    ; 0.00 mW (0.00 mW)               ; --                                ; 0.00 mW (0.00 mW)                 ; |LBM_DE2|distribution_ram:fout_ram|altsyncram:mem_rtl_0|altsyncram_pf81:auto_generated ;
;     |controller:fsm                         ; 0.00 mW (0.00 mW)                    ; 0.00 mW (0.00 mW)               ; --                                ; 0.00 mW (0.00 mW)                 ; |LBM_DE2|controller:fsm                                                                ;
;     |counter_init:init_counter              ; 0.00 mW (0.00 mW)                    ; 0.00 mW (0.00 mW)               ; --                                ; 0.00 mW (0.00 mW)                 ; |LBM_DE2|counter_init:init_counter                                                     ;
;     |fin_addr_mux:mux_fin_addr              ; 0.00 mW (0.00 mW)                    ; 0.00 mW (0.00 mW)               ; --                                ; 0.00 mW (0.00 mW)                 ; |LBM_DE2|fin_addr_mux:mux_fin_addr                                                     ;
;     |moment_ram:p_ram                       ; 0.00 mW (0.00 mW)                    ; 0.00 mW (0.00 mW)               ; --                                ; 0.00 mW (0.00 mW)                 ; |LBM_DE2|moment_ram:p_ram                                                              ;
;         |altsyncram:mem[0][31]__1           ; 0.00 mW (0.00 mW)                    ; 0.00 mW (0.00 mW)               ; --                                ; 0.00 mW (0.00 mW)                 ; |LBM_DE2|moment_ram:p_ram|altsyncram:mem[0][31]__1                                     ;
;     |reg32:p_reg                            ; 0.00 mW (0.00 mW)                    ; 0.00 mW (0.00 mW)               ; --                                ; 0.00 mW (0.00 mW)                 ; |LBM_DE2|reg32:p_reg                                                                   ;
;     |fp_mult:prod_3_u2                      ; 0.00 mW (0.00 mW)                    ; 0.00 mW (0.00 mW)               ; --                                ; 0.00 mW (0.00 mW)                 ; |LBM_DE2|fp_mult:prod_3_u2                                                             ;
;         |lpm_mult:Mult0                     ; 0.00 mW (0.00 mW)                    ; 0.00 mW (0.00 mW)               ; --                                ; 0.00 mW (0.00 mW)                 ; |LBM_DE2|fp_mult:prod_3_u2|lpm_mult:Mult0                                              ;
;             |mult_0at:auto_generated        ; 0.00 mW (0.00 mW)                    ; 0.00 mW (0.00 mW)               ; --                                ; 0.00 mW (0.00 mW)                 ; |LBM_DE2|fp_mult:prod_3_u2|lpm_mult:Mult0|mult_0at:auto_generated                      ;
;     |fp_mult:prod_3_ux_minus_uy             ; 0.00 mW (0.00 mW)                    ; 0.00 mW (0.00 mW)               ; --                                ; 0.00 mW (0.00 mW)                 ; |LBM_DE2|fp_mult:prod_3_ux_minus_uy                                                    ;
;         |lpm_mult:Mult0                     ; 0.00 mW (0.00 mW)                    ; 0.00 mW (0.00 mW)               ; --                                ; 0.00 mW (0.00 mW)                 ; |LBM_DE2|fp_mult:prod_3_ux_minus_uy|lpm_mult:Mult0                                     ;
;             |mult_0at:auto_generated        ; 0.00 mW (0.00 mW)                    ; 0.00 mW (0.00 mW)               ; --                                ; 0.00 mW (0.00 mW)                 ; |LBM_DE2|fp_mult:prod_3_ux_minus_uy|lpm_mult:Mult0|mult_0at:auto_generated             ;
;     |fp_mult:prod_3_ux_plus_uy              ; 0.00 mW (0.00 mW)                    ; 0.00 mW (0.00 mW)               ; --                                ; 0.00 mW (0.00 mW)                 ; |LBM_DE2|fp_mult:prod_3_ux_plus_uy                                                     ;
;         |lpm_mult:Mult0                     ; 0.00 mW (0.00 mW)                    ; 0.00 mW (0.00 mW)               ; --                                ; 0.00 mW (0.00 mW)                 ; |LBM_DE2|fp_mult:prod_3_ux_plus_uy|lpm_mult:Mult0                                      ;
;             |mult_0at:auto_generated        ; 0.00 mW (0.00 mW)                    ; 0.00 mW (0.00 mW)               ; --                                ; 0.00 mW (0.00 mW)                 ; |LBM_DE2|fp_mult:prod_3_ux_plus_uy|lpm_mult:Mult0|mult_0at:auto_generated              ;
;     |fp_mult:prod_6ux                       ; 0.00 mW (0.00 mW)                    ; 0.00 mW (0.00 mW)               ; --                                ; 0.00 mW (0.00 mW)                 ; |LBM_DE2|fp_mult:prod_6ux                                                              ;
;         |lpm_mult:Mult0                     ; 0.00 mW (0.00 mW)                    ; 0.00 mW (0.00 mW)               ; --                                ; 0.00 mW (0.00 mW)                 ; |LBM_DE2|fp_mult:prod_6ux|lpm_mult:Mult0                                               ;
;             |mult_p9t:auto_generated        ; 0.00 mW (0.00 mW)                    ; 0.00 mW (0.00 mW)               ; --                                ; 0.00 mW (0.00 mW)                 ; |LBM_DE2|fp_mult:prod_6ux|lpm_mult:Mult0|mult_p9t:auto_generated                       ;
;     |fp_mult:prod_6uy                       ; 0.00 mW (0.00 mW)                    ; 0.00 mW (0.00 mW)               ; --                                ; 0.00 mW (0.00 mW)                 ; |LBM_DE2|fp_mult:prod_6uy                                                              ;
;         |lpm_mult:Mult0                     ; 0.00 mW (0.00 mW)                    ; 0.00 mW (0.00 mW)               ; --                                ; 0.00 mW (0.00 mW)                 ; |LBM_DE2|fp_mult:prod_6uy|lpm_mult:Mult0                                               ;
;             |mult_p9t:auto_generated        ; 0.00 mW (0.00 mW)                    ; 0.00 mW (0.00 mW)               ; --                                ; 0.00 mW (0.00 mW)                 ; |LBM_DE2|fp_mult:prod_6uy|lpm_mult:Mult0|mult_p9t:auto_generated                       ;
;     |fp_mult:prod_9_ux2                     ; 0.00 mW (0.00 mW)                    ; 0.00 mW (0.00 mW)               ; --                                ; 0.00 mW (0.00 mW)                 ; |LBM_DE2|fp_mult:prod_9_ux2                                                            ;
;         |lpm_mult:Mult0                     ; 0.00 mW (0.00 mW)                    ; 0.00 mW (0.00 mW)               ; --                                ; 0.00 mW (0.00 mW)                 ; |LBM_DE2|fp_mult:prod_9_ux2|lpm_mult:Mult0                                             ;
;             |mult_r9t:auto_generated        ; 0.00 mW (0.00 mW)                    ; 0.00 mW (0.00 mW)               ; --                                ; 0.00 mW (0.00 mW)                 ; |LBM_DE2|fp_mult:prod_9_ux2|lpm_mult:Mult0|mult_r9t:auto_generated                     ;
;     |fp_mult:prod_9_uy2                     ; 0.00 mW (0.00 mW)                    ; 0.00 mW (0.00 mW)               ; --                                ; 0.00 mW (0.00 mW)                 ; |LBM_DE2|fp_mult:prod_9_uy2                                                            ;
;         |lpm_mult:Mult0                     ; 0.00 mW (0.00 mW)                    ; 0.00 mW (0.00 mW)               ; --                                ; 0.00 mW (0.00 mW)                 ; |LBM_DE2|fp_mult:prod_9_uy2|lpm_mult:Mult0                                             ;
;             |mult_r9t:auto_generated        ; 0.00 mW (0.00 mW)                    ; 0.00 mW (0.00 mW)               ; --                                ; 0.00 mW (0.00 mW)                 ; |LBM_DE2|fp_mult:prod_9_uy2|lpm_mult:Mult0|mult_r9t:auto_generated                     ;
;     |fp_mult:prod_coll_feq0                 ; 0.00 mW (0.00 mW)                    ; 0.00 mW (0.00 mW)               ; --                                ; 0.00 mW (0.00 mW)                 ; |LBM_DE2|fp_mult:prod_coll_feq0                                                        ;
;         |lpm_mult:Mult0                     ; 0.00 mW (0.00 mW)                    ; 0.00 mW (0.00 mW)               ; --                                ; 0.00 mW (0.00 mW)                 ; |LBM_DE2|fp_mult:prod_coll_feq0|lpm_mult:Mult0                                         ;
;             |mult_u9t:auto_generated        ; 0.00 mW (0.00 mW)                    ; 0.00 mW (0.00 mW)               ; --                                ; 0.00 mW (0.00 mW)                 ; |LBM_DE2|fp_mult:prod_coll_feq0|lpm_mult:Mult0|mult_u9t:auto_generated                 ;
;     |fp_mult:prod_coll_feq1                 ; 0.00 mW (0.00 mW)                    ; 0.00 mW (0.00 mW)               ; --                                ; 0.00 mW (0.00 mW)                 ; |LBM_DE2|fp_mult:prod_coll_feq1                                                        ;
;         |lpm_mult:Mult0                     ; 0.00 mW (0.00 mW)                    ; 0.00 mW (0.00 mW)               ; --                                ; 0.00 mW (0.00 mW)                 ; |LBM_DE2|fp_mult:prod_coll_feq1|lpm_mult:Mult0                                         ;
;             |mult_u9t:auto_generated        ; 0.00 mW (0.00 mW)                    ; 0.00 mW (0.00 mW)               ; --                                ; 0.00 mW (0.00 mW)                 ; |LBM_DE2|fp_mult:prod_coll_feq1|lpm_mult:Mult0|mult_u9t:auto_generated                 ;
;     |fp_mult:prod_coll_feq2                 ; 0.00 mW (0.00 mW)                    ; 0.00 mW (0.00 mW)               ; --                                ; 0.00 mW (0.00 mW)                 ; |LBM_DE2|fp_mult:prod_coll_feq2                                                        ;
;         |lpm_mult:Mult0                     ; 0.00 mW (0.00 mW)                    ; 0.00 mW (0.00 mW)               ; --                                ; 0.00 mW (0.00 mW)                 ; |LBM_DE2|fp_mult:prod_coll_feq2|lpm_mult:Mult0                                         ;
;             |mult_u9t:auto_generated        ; 0.00 mW (0.00 mW)                    ; 0.00 mW (0.00 mW)               ; --                                ; 0.00 mW (0.00 mW)                 ; |LBM_DE2|fp_mult:prod_coll_feq2|lpm_mult:Mult0|mult_u9t:auto_generated                 ;
;     |fp_mult:prod_coll_feq3                 ; 0.00 mW (0.00 mW)                    ; 0.00 mW (0.00 mW)               ; --                                ; 0.00 mW (0.00 mW)                 ; |LBM_DE2|fp_mult:prod_coll_feq3                                                        ;
;         |lpm_mult:Mult0                     ; 0.00 mW (0.00 mW)                    ; 0.00 mW (0.00 mW)               ; --                                ; 0.00 mW (0.00 mW)                 ; |LBM_DE2|fp_mult:prod_coll_feq3|lpm_mult:Mult0                                         ;
;             |mult_u9t:auto_generated        ; 0.00 mW (0.00 mW)                    ; 0.00 mW (0.00 mW)               ; --                                ; 0.00 mW (0.00 mW)                 ; |LBM_DE2|fp_mult:prod_coll_feq3|lpm_mult:Mult0|mult_u9t:auto_generated                 ;
;     |fp_mult:prod_coll_feq4                 ; 0.00 mW (0.00 mW)                    ; 0.00 mW (0.00 mW)               ; --                                ; 0.00 mW (0.00 mW)                 ; |LBM_DE2|fp_mult:prod_coll_feq4                                                        ;
;         |lpm_mult:Mult0                     ; 0.00 mW (0.00 mW)                    ; 0.00 mW (0.00 mW)               ; --                                ; 0.00 mW (0.00 mW)                 ; |LBM_DE2|fp_mult:prod_coll_feq4|lpm_mult:Mult0                                         ;
;             |mult_u9t:auto_generated        ; 0.00 mW (0.00 mW)                    ; 0.00 mW (0.00 mW)               ; --                                ; 0.00 mW (0.00 mW)                 ; |LBM_DE2|fp_mult:prod_coll_feq4|lpm_mult:Mult0|mult_u9t:auto_generated                 ;
;     |fp_mult:prod_coll_feq5                 ; 0.00 mW (0.00 mW)                    ; 0.00 mW (0.00 mW)               ; --                                ; 0.00 mW (0.00 mW)                 ; |LBM_DE2|fp_mult:prod_coll_feq5                                                        ;
;         |lpm_mult:Mult0                     ; 0.00 mW (0.00 mW)                    ; 0.00 mW (0.00 mW)               ; --                                ; 0.00 mW (0.00 mW)                 ; |LBM_DE2|fp_mult:prod_coll_feq5|lpm_mult:Mult0                                         ;
;             |mult_u9t:auto_generated        ; 0.00 mW (0.00 mW)                    ; 0.00 mW (0.00 mW)               ; --                                ; 0.00 mW (0.00 mW)                 ; |LBM_DE2|fp_mult:prod_coll_feq5|lpm_mult:Mult0|mult_u9t:auto_generated                 ;
;     |fp_mult:prod_coll_feq6                 ; 0.00 mW (0.00 mW)                    ; 0.00 mW (0.00 mW)               ; --                                ; 0.00 mW (0.00 mW)                 ; |LBM_DE2|fp_mult:prod_coll_feq6                                                        ;
;         |lpm_mult:Mult0                     ; 0.00 mW (0.00 mW)                    ; 0.00 mW (0.00 mW)               ; --                                ; 0.00 mW (0.00 mW)                 ; |LBM_DE2|fp_mult:prod_coll_feq6|lpm_mult:Mult0                                         ;
;             |mult_u9t:auto_generated        ; 0.00 mW (0.00 mW)                    ; 0.00 mW (0.00 mW)               ; --                                ; 0.00 mW (0.00 mW)                 ; |LBM_DE2|fp_mult:prod_coll_feq6|lpm_mult:Mult0|mult_u9t:auto_generated                 ;
;     |fp_mult:prod_coll_feq7                 ; 0.00 mW (0.00 mW)                    ; 0.00 mW (0.00 mW)               ; --                                ; 0.00 mW (0.00 mW)                 ; |LBM_DE2|fp_mult:prod_coll_feq7                                                        ;
;         |lpm_mult:Mult0                     ; 0.00 mW (0.00 mW)                    ; 0.00 mW (0.00 mW)               ; --                                ; 0.00 mW (0.00 mW)                 ; |LBM_DE2|fp_mult:prod_coll_feq7|lpm_mult:Mult0                                         ;
;             |mult_u9t:auto_generated        ; 0.00 mW (0.00 mW)                    ; 0.00 mW (0.00 mW)               ; --                                ; 0.00 mW (0.00 mW)                 ; |LBM_DE2|fp_mult:prod_coll_feq7|lpm_mult:Mult0|mult_u9t:auto_generated                 ;
;     |fp_mult:prod_coll_feq8                 ; 0.00 mW (0.00 mW)                    ; 0.00 mW (0.00 mW)               ; --                                ; 0.00 mW (0.00 mW)                 ; |LBM_DE2|fp_mult:prod_coll_feq8                                                        ;
;         |lpm_mult:Mult0                     ; 0.00 mW (0.00 mW)                    ; 0.00 mW (0.00 mW)               ; --                                ; 0.00 mW (0.00 mW)                 ; |LBM_DE2|fp_mult:prod_coll_feq8|lpm_mult:Mult0                                         ;
;             |mult_u9t:auto_generated        ; 0.00 mW (0.00 mW)                    ; 0.00 mW (0.00 mW)               ; --                                ; 0.00 mW (0.00 mW)                 ; |LBM_DE2|fp_mult:prod_coll_feq8|lpm_mult:Mult0|mult_u9t:auto_generated                 ;
;     |fp_mult:prod_coll_fin0                 ; 0.00 mW (0.00 mW)                    ; 0.00 mW (0.00 mW)               ; --                                ; 0.00 mW (0.00 mW)                 ; |LBM_DE2|fp_mult:prod_coll_fin0                                                        ;
;         |lpm_mult:Mult0                     ; 0.00 mW (0.00 mW)                    ; 0.00 mW (0.00 mW)               ; --                                ; 0.00 mW (0.00 mW)                 ; |LBM_DE2|fp_mult:prod_coll_fin0|lpm_mult:Mult0                                         ;
;             |mult_s9t:auto_generated        ; 0.00 mW (0.00 mW)                    ; 0.00 mW (0.00 mW)               ; --                                ; 0.00 mW (0.00 mW)                 ; |LBM_DE2|fp_mult:prod_coll_fin0|lpm_mult:Mult0|mult_s9t:auto_generated                 ;
;     |fp_mult:prod_coll_fin1                 ; 0.00 mW (0.00 mW)                    ; 0.00 mW (0.00 mW)               ; --                                ; 0.00 mW (0.00 mW)                 ; |LBM_DE2|fp_mult:prod_coll_fin1                                                        ;
;         |lpm_mult:Mult0                     ; 0.00 mW (0.00 mW)                    ; 0.00 mW (0.00 mW)               ; --                                ; 0.00 mW (0.00 mW)                 ; |LBM_DE2|fp_mult:prod_coll_fin1|lpm_mult:Mult0                                         ;
;             |mult_s9t:auto_generated        ; 0.00 mW (0.00 mW)                    ; 0.00 mW (0.00 mW)               ; --                                ; 0.00 mW (0.00 mW)                 ; |LBM_DE2|fp_mult:prod_coll_fin1|lpm_mult:Mult0|mult_s9t:auto_generated                 ;
;     |fp_mult:prod_coll_fin2                 ; 0.00 mW (0.00 mW)                    ; 0.00 mW (0.00 mW)               ; --                                ; 0.00 mW (0.00 mW)                 ; |LBM_DE2|fp_mult:prod_coll_fin2                                                        ;
;         |lpm_mult:Mult0                     ; 0.00 mW (0.00 mW)                    ; 0.00 mW (0.00 mW)               ; --                                ; 0.00 mW (0.00 mW)                 ; |LBM_DE2|fp_mult:prod_coll_fin2|lpm_mult:Mult0                                         ;
;             |mult_s9t:auto_generated        ; 0.00 mW (0.00 mW)                    ; 0.00 mW (0.00 mW)               ; --                                ; 0.00 mW (0.00 mW)                 ; |LBM_DE2|fp_mult:prod_coll_fin2|lpm_mult:Mult0|mult_s9t:auto_generated                 ;
;     |fp_mult:prod_coll_fin3                 ; 0.00 mW (0.00 mW)                    ; 0.00 mW (0.00 mW)               ; --                                ; 0.00 mW (0.00 mW)                 ; |LBM_DE2|fp_mult:prod_coll_fin3                                                        ;
;         |lpm_mult:Mult0                     ; 0.00 mW (0.00 mW)                    ; 0.00 mW (0.00 mW)               ; --                                ; 0.00 mW (0.00 mW)                 ; |LBM_DE2|fp_mult:prod_coll_fin3|lpm_mult:Mult0                                         ;
;             |mult_s9t:auto_generated        ; 0.00 mW (0.00 mW)                    ; 0.00 mW (0.00 mW)               ; --                                ; 0.00 mW (0.00 mW)                 ; |LBM_DE2|fp_mult:prod_coll_fin3|lpm_mult:Mult0|mult_s9t:auto_generated                 ;
;     |fp_mult:prod_coll_fin4                 ; 0.00 mW (0.00 mW)                    ; 0.00 mW (0.00 mW)               ; --                                ; 0.00 mW (0.00 mW)                 ; |LBM_DE2|fp_mult:prod_coll_fin4                                                        ;
;         |lpm_mult:Mult0                     ; 0.00 mW (0.00 mW)                    ; 0.00 mW (0.00 mW)               ; --                                ; 0.00 mW (0.00 mW)                 ; |LBM_DE2|fp_mult:prod_coll_fin4|lpm_mult:Mult0                                         ;
;             |mult_s9t:auto_generated        ; 0.00 mW (0.00 mW)                    ; 0.00 mW (0.00 mW)               ; --                                ; 0.00 mW (0.00 mW)                 ; |LBM_DE2|fp_mult:prod_coll_fin4|lpm_mult:Mult0|mult_s9t:auto_generated                 ;
;     |fp_mult:prod_coll_fin5                 ; 0.00 mW (0.00 mW)                    ; 0.00 mW (0.00 mW)               ; --                                ; 0.00 mW (0.00 mW)                 ; |LBM_DE2|fp_mult:prod_coll_fin5                                                        ;
;         |lpm_mult:Mult0                     ; 0.00 mW (0.00 mW)                    ; 0.00 mW (0.00 mW)               ; --                                ; 0.00 mW (0.00 mW)                 ; |LBM_DE2|fp_mult:prod_coll_fin5|lpm_mult:Mult0                                         ;
;             |mult_s9t:auto_generated        ; 0.00 mW (0.00 mW)                    ; 0.00 mW (0.00 mW)               ; --                                ; 0.00 mW (0.00 mW)                 ; |LBM_DE2|fp_mult:prod_coll_fin5|lpm_mult:Mult0|mult_s9t:auto_generated                 ;
;     |fp_mult:prod_coll_fin6                 ; 0.00 mW (0.00 mW)                    ; 0.00 mW (0.00 mW)               ; --                                ; 0.00 mW (0.00 mW)                 ; |LBM_DE2|fp_mult:prod_coll_fin6                                                        ;
;         |lpm_mult:Mult0                     ; 0.00 mW (0.00 mW)                    ; 0.00 mW (0.00 mW)               ; --                                ; 0.00 mW (0.00 mW)                 ; |LBM_DE2|fp_mult:prod_coll_fin6|lpm_mult:Mult0                                         ;
;             |mult_s9t:auto_generated        ; 0.00 mW (0.00 mW)                    ; 0.00 mW (0.00 mW)               ; --                                ; 0.00 mW (0.00 mW)                 ; |LBM_DE2|fp_mult:prod_coll_fin6|lpm_mult:Mult0|mult_s9t:auto_generated                 ;
;     |fp_mult:prod_coll_fin7                 ; 0.00 mW (0.00 mW)                    ; 0.00 mW (0.00 mW)               ; --                                ; 0.00 mW (0.00 mW)                 ; |LBM_DE2|fp_mult:prod_coll_fin7                                                        ;
;         |lpm_mult:Mult0                     ; 0.00 mW (0.00 mW)                    ; 0.00 mW (0.00 mW)               ; --                                ; 0.00 mW (0.00 mW)                 ; |LBM_DE2|fp_mult:prod_coll_fin7|lpm_mult:Mult0                                         ;
;             |mult_s9t:auto_generated        ; 0.00 mW (0.00 mW)                    ; 0.00 mW (0.00 mW)               ; --                                ; 0.00 mW (0.00 mW)                 ; |LBM_DE2|fp_mult:prod_coll_fin7|lpm_mult:Mult0|mult_s9t:auto_generated                 ;
;     |fp_mult:prod_coll_fin8                 ; 0.00 mW (0.00 mW)                    ; 0.00 mW (0.00 mW)               ; --                                ; 0.00 mW (0.00 mW)                 ; |LBM_DE2|fp_mult:prod_coll_fin8                                                        ;
;         |lpm_mult:Mult0                     ; 0.00 mW (0.00 mW)                    ; 0.00 mW (0.00 mW)               ; --                                ; 0.00 mW (0.00 mW)                 ; |LBM_DE2|fp_mult:prod_coll_fin8|lpm_mult:Mult0                                         ;
;             |mult_s9t:auto_generated        ; 0.00 mW (0.00 mW)                    ; 0.00 mW (0.00 mW)               ; --                                ; 0.00 mW (0.00 mW)                 ; |LBM_DE2|fp_mult:prod_coll_fin8|lpm_mult:Mult0|mult_s9t:auto_generated                 ;
;     |fp_mult:prod_cx1fin1                   ; 0.00 mW (0.00 mW)                    ; 0.00 mW (0.00 mW)               ; --                                ; 0.00 mW (0.00 mW)                 ; |LBM_DE2|fp_mult:prod_cx1fin1                                                          ;
;         |lpm_mult:Mult0                     ; 0.00 mW (0.00 mW)                    ; 0.00 mW (0.00 mW)               ; --                                ; 0.00 mW (0.00 mW)                 ; |LBM_DE2|fp_mult:prod_cx1fin1|lpm_mult:Mult0                                           ;
;             |mult_u9t:auto_generated        ; 0.00 mW (0.00 mW)                    ; 0.00 mW (0.00 mW)               ; --                                ; 0.00 mW (0.00 mW)                 ; |LBM_DE2|fp_mult:prod_cx1fin1|lpm_mult:Mult0|mult_u9t:auto_generated                   ;
;     |fp_mult:prod_cx3fin3                   ; 0.00 mW (0.00 mW)                    ; 0.00 mW (0.00 mW)               ; --                                ; 0.00 mW (0.00 mW)                 ; |LBM_DE2|fp_mult:prod_cx3fin3                                                          ;
;         |lpm_mult:Mult0                     ; 0.00 mW (0.00 mW)                    ; 0.00 mW (0.00 mW)               ; --                                ; 0.00 mW (0.00 mW)                 ; |LBM_DE2|fp_mult:prod_cx3fin3|lpm_mult:Mult0                                           ;
;             |mult_s9t:auto_generated        ; 0.00 mW (0.00 mW)                    ; 0.00 mW (0.00 mW)               ; --                                ; 0.00 mW (0.00 mW)                 ; |LBM_DE2|fp_mult:prod_cx3fin3|lpm_mult:Mult0|mult_s9t:auto_generated                   ;
;     |fp_mult:prod_cx5fin5                   ; 0.00 mW (0.00 mW)                    ; 0.00 mW (0.00 mW)               ; --                                ; 0.00 mW (0.00 mW)                 ; |LBM_DE2|fp_mult:prod_cx5fin5                                                          ;
;         |lpm_mult:Mult0                     ; 0.00 mW (0.00 mW)                    ; 0.00 mW (0.00 mW)               ; --                                ; 0.00 mW (0.00 mW)                 ; |LBM_DE2|fp_mult:prod_cx5fin5|lpm_mult:Mult0                                           ;
;             |mult_u9t:auto_generated        ; 0.00 mW (0.00 mW)                    ; 0.00 mW (0.00 mW)               ; --                                ; 0.00 mW (0.00 mW)                 ; |LBM_DE2|fp_mult:prod_cx5fin5|lpm_mult:Mult0|mult_u9t:auto_generated                   ;
;     |fp_mult:prod_cx6fin6                   ; 0.00 mW (0.00 mW)                    ; 0.00 mW (0.00 mW)               ; --                                ; 0.00 mW (0.00 mW)                 ; |LBM_DE2|fp_mult:prod_cx6fin6                                                          ;
;         |lpm_mult:Mult0                     ; 0.00 mW (0.00 mW)                    ; 0.00 mW (0.00 mW)               ; --                                ; 0.00 mW (0.00 mW)                 ; |LBM_DE2|fp_mult:prod_cx6fin6|lpm_mult:Mult0                                           ;
;             |mult_s9t:auto_generated        ; 0.00 mW (0.00 mW)                    ; 0.00 mW (0.00 mW)               ; --                                ; 0.00 mW (0.00 mW)                 ; |LBM_DE2|fp_mult:prod_cx6fin6|lpm_mult:Mult0|mult_s9t:auto_generated                   ;
;     |fp_mult:prod_cx7fin7                   ; 0.00 mW (0.00 mW)                    ; 0.00 mW (0.00 mW)               ; --                                ; 0.00 mW (0.00 mW)                 ; |LBM_DE2|fp_mult:prod_cx7fin7                                                          ;
;         |lpm_mult:Mult0                     ; 0.00 mW (0.00 mW)                    ; 0.00 mW (0.00 mW)               ; --                                ; 0.00 mW (0.00 mW)                 ; |LBM_DE2|fp_mult:prod_cx7fin7|lpm_mult:Mult0                                           ;
;             |mult_s9t:auto_generated        ; 0.00 mW (0.00 mW)                    ; 0.00 mW (0.00 mW)               ; --                                ; 0.00 mW (0.00 mW)                 ; |LBM_DE2|fp_mult:prod_cx7fin7|lpm_mult:Mult0|mult_s9t:auto_generated                   ;
;     |fp_mult:prod_cx8fin8                   ; 0.00 mW (0.00 mW)                    ; 0.00 mW (0.00 mW)               ; --                                ; 0.00 mW (0.00 mW)                 ; |LBM_DE2|fp_mult:prod_cx8fin8                                                          ;
;         |lpm_mult:Mult0                     ; 0.00 mW (0.00 mW)                    ; 0.00 mW (0.00 mW)               ; --                                ; 0.00 mW (0.00 mW)                 ; |LBM_DE2|fp_mult:prod_cx8fin8|lpm_mult:Mult0                                           ;
;             |mult_u9t:auto_generated        ; 0.00 mW (0.00 mW)                    ; 0.00 mW (0.00 mW)               ; --                                ; 0.00 mW (0.00 mW)                 ; |LBM_DE2|fp_mult:prod_cx8fin8|lpm_mult:Mult0|mult_u9t:auto_generated                   ;
;     |fp_mult:prod_cy2fin2                   ; 0.00 mW (0.00 mW)                    ; 0.00 mW (0.00 mW)               ; --                                ; 0.00 mW (0.00 mW)                 ; |LBM_DE2|fp_mult:prod_cy2fin2                                                          ;
;         |lpm_mult:Mult0                     ; 0.00 mW (0.00 mW)                    ; 0.00 mW (0.00 mW)               ; --                                ; 0.00 mW (0.00 mW)                 ; |LBM_DE2|fp_mult:prod_cy2fin2|lpm_mult:Mult0                                           ;
;             |mult_u9t:auto_generated        ; 0.00 mW (0.00 mW)                    ; 0.00 mW (0.00 mW)               ; --                                ; 0.00 mW (0.00 mW)                 ; |LBM_DE2|fp_mult:prod_cy2fin2|lpm_mult:Mult0|mult_u9t:auto_generated                   ;
;     |fp_mult:prod_cy4fin4                   ; 0.00 mW (0.00 mW)                    ; 0.00 mW (0.00 mW)               ; --                                ; 0.00 mW (0.00 mW)                 ; |LBM_DE2|fp_mult:prod_cy4fin4                                                          ;
;         |lpm_mult:Mult0                     ; 0.00 mW (0.00 mW)                    ; 0.00 mW (0.00 mW)               ; --                                ; 0.00 mW (0.00 mW)                 ; |LBM_DE2|fp_mult:prod_cy4fin4|lpm_mult:Mult0                                           ;
;             |mult_s9t:auto_generated        ; 0.00 mW (0.00 mW)                    ; 0.00 mW (0.00 mW)               ; --                                ; 0.00 mW (0.00 mW)                 ; |LBM_DE2|fp_mult:prod_cy4fin4|lpm_mult:Mult0|mult_s9t:auto_generated                   ;
;     |fp_mult:prod_cy6fin6                   ; 0.00 mW (0.00 mW)                    ; 0.00 mW (0.00 mW)               ; --                                ; 0.00 mW (0.00 mW)                 ; |LBM_DE2|fp_mult:prod_cy6fin6                                                          ;
;         |lpm_mult:Mult0                     ; 0.00 mW (0.00 mW)                    ; 0.00 mW (0.00 mW)               ; --                                ; 0.00 mW (0.00 mW)                 ; |LBM_DE2|fp_mult:prod_cy6fin6|lpm_mult:Mult0                                           ;
;             |mult_u9t:auto_generated        ; 0.00 mW (0.00 mW)                    ; 0.00 mW (0.00 mW)               ; --                                ; 0.00 mW (0.00 mW)                 ; |LBM_DE2|fp_mult:prod_cy6fin6|lpm_mult:Mult0|mult_u9t:auto_generated                   ;
;     |fp_mult:prod_cy8fin8                   ; 0.00 mW (0.00 mW)                    ; 0.00 mW (0.00 mW)               ; --                                ; 0.00 mW (0.00 mW)                 ; |LBM_DE2|fp_mult:prod_cy8fin8                                                          ;
;         |lpm_mult:Mult0                     ; 0.00 mW (0.00 mW)                    ; 0.00 mW (0.00 mW)               ; --                                ; 0.00 mW (0.00 mW)                 ; |LBM_DE2|fp_mult:prod_cy8fin8|lpm_mult:Mult0                                           ;
;             |mult_s9t:auto_generated        ; 0.00 mW (0.00 mW)                    ; 0.00 mW (0.00 mW)               ; --                                ; 0.00 mW (0.00 mW)                 ; |LBM_DE2|fp_mult:prod_cy8fin8|lpm_mult:Mult0|mult_s9t:auto_generated                   ;
;     |fp_mult:prod_feq0                      ; 0.00 mW (0.00 mW)                    ; 0.00 mW (0.00 mW)               ; --                                ; 0.00 mW (0.00 mW)                 ; |LBM_DE2|fp_mult:prod_feq0                                                             ;
;         |lpm_mult:Mult0                     ; 0.00 mW (0.00 mW)                    ; 0.00 mW (0.00 mW)               ; --                                ; 0.00 mW (0.00 mW)                 ; |LBM_DE2|fp_mult:prod_feq0|lpm_mult:Mult0                                              ;
;             |mult_26t:auto_generated        ; 0.00 mW (0.00 mW)                    ; 0.00 mW (0.00 mW)               ; --                                ; 0.00 mW (0.00 mW)                 ; |LBM_DE2|fp_mult:prod_feq0|lpm_mult:Mult0|mult_26t:auto_generated                      ;
;     |fp_mult:prod_feq1                      ; 0.00 mW (0.00 mW)                    ; 0.00 mW (0.00 mW)               ; --                                ; 0.00 mW (0.00 mW)                 ; |LBM_DE2|fp_mult:prod_feq1                                                             ;
;         |lpm_mult:Mult0                     ; 0.00 mW (0.00 mW)                    ; 0.00 mW (0.00 mW)               ; --                                ; 0.00 mW (0.00 mW)                 ; |LBM_DE2|fp_mult:prod_feq1|lpm_mult:Mult0                                              ;
;             |mult_76t:auto_generated        ; 0.00 mW (0.00 mW)                    ; 0.00 mW (0.00 mW)               ; --                                ; 0.00 mW (0.00 mW)                 ; |LBM_DE2|fp_mult:prod_feq1|lpm_mult:Mult0|mult_76t:auto_generated                      ;
;     |fp_mult:prod_feq2                      ; 0.00 mW (0.00 mW)                    ; 0.00 mW (0.00 mW)               ; --                                ; 0.00 mW (0.00 mW)                 ; |LBM_DE2|fp_mult:prod_feq2                                                             ;
;         |lpm_mult:Mult0                     ; 0.00 mW (0.00 mW)                    ; 0.00 mW (0.00 mW)               ; --                                ; 0.00 mW (0.00 mW)                 ; |LBM_DE2|fp_mult:prod_feq2|lpm_mult:Mult0                                              ;
;             |mult_76t:auto_generated        ; 0.00 mW (0.00 mW)                    ; 0.00 mW (0.00 mW)               ; --                                ; 0.00 mW (0.00 mW)                 ; |LBM_DE2|fp_mult:prod_feq2|lpm_mult:Mult0|mult_76t:auto_generated                      ;
;     |fp_mult:prod_feq3                      ; 0.00 mW (0.00 mW)                    ; 0.00 mW (0.00 mW)               ; --                                ; 0.00 mW (0.00 mW)                 ; |LBM_DE2|fp_mult:prod_feq3                                                             ;
;         |lpm_mult:Mult0                     ; 0.00 mW (0.00 mW)                    ; 0.00 mW (0.00 mW)               ; --                                ; 0.00 mW (0.00 mW)                 ; |LBM_DE2|fp_mult:prod_feq3|lpm_mult:Mult0                                              ;
;             |mult_76t:auto_generated        ; 0.00 mW (0.00 mW)                    ; 0.00 mW (0.00 mW)               ; --                                ; 0.00 mW (0.00 mW)                 ; |LBM_DE2|fp_mult:prod_feq3|lpm_mult:Mult0|mult_76t:auto_generated                      ;
;     |fp_mult:prod_feq4                      ; 0.00 mW (0.00 mW)                    ; 0.00 mW (0.00 mW)               ; --                                ; 0.00 mW (0.00 mW)                 ; |LBM_DE2|fp_mult:prod_feq4                                                             ;
;         |lpm_mult:Mult0                     ; 0.00 mW (0.00 mW)                    ; 0.00 mW (0.00 mW)               ; --                                ; 0.00 mW (0.00 mW)                 ; |LBM_DE2|fp_mult:prod_feq4|lpm_mult:Mult0                                              ;
;             |mult_76t:auto_generated        ; 0.00 mW (0.00 mW)                    ; 0.00 mW (0.00 mW)               ; --                                ; 0.00 mW (0.00 mW)                 ; |LBM_DE2|fp_mult:prod_feq4|lpm_mult:Mult0|mult_76t:auto_generated                      ;
;     |fp_mult:prod_feq5                      ; 0.00 mW (0.00 mW)                    ; 0.00 mW (0.00 mW)               ; --                                ; 0.00 mW (0.00 mW)                 ; |LBM_DE2|fp_mult:prod_feq5                                                             ;
;         |lpm_mult:Mult0                     ; 0.00 mW (0.00 mW)                    ; 0.00 mW (0.00 mW)               ; --                                ; 0.00 mW (0.00 mW)                 ; |LBM_DE2|fp_mult:prod_feq5|lpm_mult:Mult0                                              ;
;             |mult_56t:auto_generated        ; 0.00 mW (0.00 mW)                    ; 0.00 mW (0.00 mW)               ; --                                ; 0.00 mW (0.00 mW)                 ; |LBM_DE2|fp_mult:prod_feq5|lpm_mult:Mult0|mult_56t:auto_generated                      ;
;     |fp_mult:prod_feq6                      ; 0.00 mW (0.00 mW)                    ; 0.00 mW (0.00 mW)               ; --                                ; 0.00 mW (0.00 mW)                 ; |LBM_DE2|fp_mult:prod_feq6                                                             ;
;         |lpm_mult:Mult0                     ; 0.00 mW (0.00 mW)                    ; 0.00 mW (0.00 mW)               ; --                                ; 0.00 mW (0.00 mW)                 ; |LBM_DE2|fp_mult:prod_feq6|lpm_mult:Mult0                                              ;
;             |mult_56t:auto_generated        ; 0.00 mW (0.00 mW)                    ; 0.00 mW (0.00 mW)               ; --                                ; 0.00 mW (0.00 mW)                 ; |LBM_DE2|fp_mult:prod_feq6|lpm_mult:Mult0|mult_56t:auto_generated                      ;
;     |fp_mult:prod_feq7                      ; 0.00 mW (0.00 mW)                    ; 0.00 mW (0.00 mW)               ; --                                ; 0.00 mW (0.00 mW)                 ; |LBM_DE2|fp_mult:prod_feq7                                                             ;
;         |lpm_mult:Mult0                     ; 0.00 mW (0.00 mW)                    ; 0.00 mW (0.00 mW)               ; --                                ; 0.00 mW (0.00 mW)                 ; |LBM_DE2|fp_mult:prod_feq7|lpm_mult:Mult0                                              ;
;             |mult_56t:auto_generated        ; 0.00 mW (0.00 mW)                    ; 0.00 mW (0.00 mW)               ; --                                ; 0.00 mW (0.00 mW)                 ; |LBM_DE2|fp_mult:prod_feq7|lpm_mult:Mult0|mult_56t:auto_generated                      ;
;     |fp_mult:prod_feq8                      ; 0.00 mW (0.00 mW)                    ; 0.00 mW (0.00 mW)               ; --                                ; 0.00 mW (0.00 mW)                 ; |LBM_DE2|fp_mult:prod_feq8                                                             ;
;         |lpm_mult:Mult0                     ; 0.00 mW (0.00 mW)                    ; 0.00 mW (0.00 mW)               ; --                                ; 0.00 mW (0.00 mW)                 ; |LBM_DE2|fp_mult:prod_feq8|lpm_mult:Mult0                                              ;
;             |mult_56t:auto_generated        ; 0.00 mW (0.00 mW)                    ; 0.00 mW (0.00 mW)               ; --                                ; 0.00 mW (0.00 mW)                 ; |LBM_DE2|fp_mult:prod_feq8|lpm_mult:Mult0|mult_56t:auto_generated                      ;
;     |fp_mult:prod_neg3_u2                   ; 0.00 mW (0.00 mW)                    ; 0.00 mW (0.00 mW)               ; --                                ; 0.00 mW (0.00 mW)                 ; |LBM_DE2|fp_mult:prod_neg3_u2                                                          ;
;         |lpm_mult:Mult0                     ; 0.00 mW (0.00 mW)                    ; 0.00 mW (0.00 mW)               ; --                                ; 0.00 mW (0.00 mW)                 ; |LBM_DE2|fp_mult:prod_neg3_u2|lpm_mult:Mult0                                           ;
;             |mult_0at:auto_generated        ; 0.00 mW (0.00 mW)                    ; 0.00 mW (0.00 mW)               ; --                                ; 0.00 mW (0.00 mW)                 ; |LBM_DE2|fp_mult:prod_neg3_u2|lpm_mult:Mult0|mult_0at:auto_generated                   ;
;     |fp_mult:prod_neg3_ux_minus_uy          ; 0.00 mW (0.00 mW)                    ; 0.00 mW (0.00 mW)               ; --                                ; 0.00 mW (0.00 mW)                 ; |LBM_DE2|fp_mult:prod_neg3_ux_minus_uy                                                 ;
;         |lpm_mult:Mult0                     ; 0.00 mW (0.00 mW)                    ; 0.00 mW (0.00 mW)               ; --                                ; 0.00 mW (0.00 mW)                 ; |LBM_DE2|fp_mult:prod_neg3_ux_minus_uy|lpm_mult:Mult0                                  ;
;             |mult_0at:auto_generated        ; 0.00 mW (0.00 mW)                    ; 0.00 mW (0.00 mW)               ; --                                ; 0.00 mW (0.00 mW)                 ; |LBM_DE2|fp_mult:prod_neg3_ux_minus_uy|lpm_mult:Mult0|mult_0at:auto_generated          ;
;     |fp_mult:prod_neg3_ux_plus_uy           ; 0.00 mW (0.00 mW)                    ; 0.00 mW (0.00 mW)               ; --                                ; 0.00 mW (0.00 mW)                 ; |LBM_DE2|fp_mult:prod_neg3_ux_plus_uy                                                  ;
;         |lpm_mult:Mult0                     ; 0.00 mW (0.00 mW)                    ; 0.00 mW (0.00 mW)               ; --                                ; 0.00 mW (0.00 mW)                 ; |LBM_DE2|fp_mult:prod_neg3_ux_plus_uy|lpm_mult:Mult0                                   ;
;             |mult_0at:auto_generated        ; 0.00 mW (0.00 mW)                    ; 0.00 mW (0.00 mW)               ; --                                ; 0.00 mW (0.00 mW)                 ; |LBM_DE2|fp_mult:prod_neg3_ux_plus_uy|lpm_mult:Mult0|mult_0at:auto_generated           ;
;     |fp_mult:prod_neg6ux                    ; 0.00 mW (0.00 mW)                    ; 0.00 mW (0.00 mW)               ; --                                ; 0.00 mW (0.00 mW)                 ; |LBM_DE2|fp_mult:prod_neg6ux                                                           ;
;         |lpm_mult:Mult0                     ; 0.00 mW (0.00 mW)                    ; 0.00 mW (0.00 mW)               ; --                                ; 0.00 mW (0.00 mW)                 ; |LBM_DE2|fp_mult:prod_neg6ux|lpm_mult:Mult0                                            ;
;             |mult_p9t:auto_generated        ; 0.00 mW (0.00 mW)                    ; 0.00 mW (0.00 mW)               ; --                                ; 0.00 mW (0.00 mW)                 ; |LBM_DE2|fp_mult:prod_neg6ux|lpm_mult:Mult0|mult_p9t:auto_generated                    ;
;     |fp_mult:prod_neg6uy                    ; 0.00 mW (0.00 mW)                    ; 0.00 mW (0.00 mW)               ; --                                ; 0.00 mW (0.00 mW)                 ; |LBM_DE2|fp_mult:prod_neg6uy                                                           ;
;         |lpm_mult:Mult0                     ; 0.00 mW (0.00 mW)                    ; 0.00 mW (0.00 mW)               ; --                                ; 0.00 mW (0.00 mW)                 ; |LBM_DE2|fp_mult:prod_neg6uy|lpm_mult:Mult0                                            ;
;             |mult_p9t:auto_generated        ; 0.00 mW (0.00 mW)                    ; 0.00 mW (0.00 mW)               ; --                                ; 0.00 mW (0.00 mW)                 ; |LBM_DE2|fp_mult:prod_neg6uy|lpm_mult:Mult0|mult_p9t:auto_generated                    ;
;     |fp_mult:prod_p29                       ; 0.00 mW (0.00 mW)                    ; 0.00 mW (0.00 mW)               ; --                                ; 0.00 mW (0.00 mW)                 ; |LBM_DE2|fp_mult:prod_p29                                                              ;
;         |lpm_mult:Mult0                     ; 0.00 mW (0.00 mW)                    ; 0.00 mW (0.00 mW)               ; --                                ; 0.00 mW (0.00 mW)                 ; |LBM_DE2|fp_mult:prod_p29|lpm_mult:Mult0                                               ;
;             |mult_o9t:auto_generated        ; 0.00 mW (0.00 mW)                    ; 0.00 mW (0.00 mW)               ; --                                ; 0.00 mW (0.00 mW)                 ; |LBM_DE2|fp_mult:prod_p29|lpm_mult:Mult0|mult_o9t:auto_generated                       ;
;     |fp_mult:prod_p118                      ; 0.00 mW (0.00 mW)                    ; 0.00 mW (0.00 mW)               ; --                                ; 0.00 mW (0.00 mW)                 ; |LBM_DE2|fp_mult:prod_p118                                                             ;
;         |lpm_mult:Mult0                     ; 0.00 mW (0.00 mW)                    ; 0.00 mW (0.00 mW)               ; --                                ; 0.00 mW (0.00 mW)                 ; |LBM_DE2|fp_mult:prod_p118|lpm_mult:Mult0                                              ;
;             |mult_k9t:auto_generated        ; 0.00 mW (0.00 mW)                    ; 0.00 mW (0.00 mW)               ; --                                ; 0.00 mW (0.00 mW)                 ; |LBM_DE2|fp_mult:prod_p118|lpm_mult:Mult0|mult_k9t:auto_generated                      ;
;     |fp_mult:prod_p136                      ; 0.00 mW (0.00 mW)                    ; 0.00 mW (0.00 mW)               ; --                                ; 0.00 mW (0.00 mW)                 ; |LBM_DE2|fp_mult:prod_p136                                                             ;
;         |lpm_mult:Mult0                     ; 0.00 mW (0.00 mW)                    ; 0.00 mW (0.00 mW)               ; --                                ; 0.00 mW (0.00 mW)                 ; |LBM_DE2|fp_mult:prod_p136|lpm_mult:Mult0                                              ;
;             |mult_i9t:auto_generated        ; 0.00 mW (0.00 mW)                    ; 0.00 mW (0.00 mW)               ; --                                ; 0.00 mW (0.00 mW)                 ; |LBM_DE2|fp_mult:prod_p136|lpm_mult:Mult0|mult_i9t:auto_generated                      ;
;     |fp_mult:prod_ux2                       ; 0.00 mW (0.00 mW)                    ; 0.00 mW (0.00 mW)               ; --                                ; 0.00 mW (0.00 mW)                 ; |LBM_DE2|fp_mult:prod_ux2                                                              ;
;         |lpm_mult:Mult0                     ; 0.00 mW (0.00 mW)                    ; 0.00 mW (0.00 mW)               ; --                                ; 0.00 mW (0.00 mW)                 ; |LBM_DE2|fp_mult:prod_ux2|lpm_mult:Mult0                                               ;
;             |mult_46t:auto_generated        ; 0.00 mW (0.00 mW)                    ; 0.00 mW (0.00 mW)               ; --                                ; 0.00 mW (0.00 mW)                 ; |LBM_DE2|fp_mult:prod_ux2|lpm_mult:Mult0|mult_46t:auto_generated                       ;
;     |fp_mult:prod_uxuy                      ; 0.00 mW (0.00 mW)                    ; 0.00 mW (0.00 mW)               ; --                                ; 0.00 mW (0.00 mW)                 ; |LBM_DE2|fp_mult:prod_uxuy                                                             ;
;         |lpm_mult:Mult0                     ; 0.00 mW (0.00 mW)                    ; 0.00 mW (0.00 mW)               ; --                                ; 0.00 mW (0.00 mW)                 ; |LBM_DE2|fp_mult:prod_uxuy|lpm_mult:Mult0                                              ;
;             |mult_46t:auto_generated        ; 0.00 mW (0.00 mW)                    ; 0.00 mW (0.00 mW)               ; --                                ; 0.00 mW (0.00 mW)                 ; |LBM_DE2|fp_mult:prod_uxuy|lpm_mult:Mult0|mult_46t:auto_generated                      ;
;     |fp_mult:prod_uxuy_9                    ; 0.00 mW (0.00 mW)                    ; 0.00 mW (0.00 mW)               ; --                                ; 0.00 mW (0.00 mW)                 ; |LBM_DE2|fp_mult:prod_uxuy_9                                                           ;
;         |lpm_mult:Mult0                     ; 0.00 mW (0.00 mW)                    ; 0.00 mW (0.00 mW)               ; --                                ; 0.00 mW (0.00 mW)                 ; |LBM_DE2|fp_mult:prod_uxuy_9|lpm_mult:Mult0                                            ;
;             |mult_r9t:auto_generated        ; 0.00 mW (0.00 mW)                    ; 0.00 mW (0.00 mW)               ; --                                ; 0.00 mW (0.00 mW)                 ; |LBM_DE2|fp_mult:prod_uxuy_9|lpm_mult:Mult0|mult_r9t:auto_generated                    ;
;     |fp_mult:prod_uxuy_neg9                 ; 0.00 mW (0.00 mW)                    ; 0.00 mW (0.00 mW)               ; --                                ; 0.00 mW (0.00 mW)                 ; |LBM_DE2|fp_mult:prod_uxuy_neg9                                                        ;
;         |lpm_mult:Mult0                     ; 0.00 mW (0.00 mW)                    ; 0.00 mW (0.00 mW)               ; --                                ; 0.00 mW (0.00 mW)                 ; |LBM_DE2|fp_mult:prod_uxuy_neg9|lpm_mult:Mult0                                         ;
;             |mult_r9t:auto_generated        ; 0.00 mW (0.00 mW)                    ; 0.00 mW (0.00 mW)               ; --                                ; 0.00 mW (0.00 mW)                 ; |LBM_DE2|fp_mult:prod_uxuy_neg9|lpm_mult:Mult0|mult_r9t:auto_generated                 ;
;     |fp_mult:prod_uy2                       ; 0.00 mW (0.00 mW)                    ; 0.00 mW (0.00 mW)               ; --                                ; 0.00 mW (0.00 mW)                 ; |LBM_DE2|fp_mult:prod_uy2                                                              ;
;         |lpm_mult:Mult0                     ; 0.00 mW (0.00 mW)                    ; 0.00 mW (0.00 mW)               ; --                                ; 0.00 mW (0.00 mW)                 ; |LBM_DE2|fp_mult:prod_uy2|lpm_mult:Mult0                                               ;
;             |mult_46t:auto_generated        ; 0.00 mW (0.00 mW)                    ; 0.00 mW (0.00 mW)               ; --                                ; 0.00 mW (0.00 mW)                 ; |LBM_DE2|fp_mult:prod_uy2|lpm_mult:Mult0|mult_46t:auto_generated                       ;
;     |reg32:pux_reg                          ; 0.00 mW (0.00 mW)                    ; 0.00 mW (0.00 mW)               ; --                                ; 0.00 mW (0.00 mW)                 ; |LBM_DE2|reg32:pux_reg                                                                 ;
;     |reg32:puy_reg                          ; 0.00 mW (0.00 mW)                    ; 0.00 mW (0.00 mW)               ; --                                ; 0.00 mW (0.00 mW)                 ; |LBM_DE2|reg32:puy_reg                                                                 ;
;     |row_counter:row_cnter                  ; 0.00 mW (0.00 mW)                    ; 0.00 mW (0.00 mW)               ; --                                ; 0.00 mW (0.00 mW)                 ; |LBM_DE2|row_counter:row_cnter                                                         ;
;     |streaming_unit:streamer                ; 0.00 mW (0.00 mW)                    ; 0.00 mW (0.00 mW)               ; --                                ; 0.00 mW (0.00 mW)                 ; |LBM_DE2|streaming_unit:streamer                                                       ;
;     |adder2:sum_u2                          ; 0.00 mW (0.00 mW)                    ; 0.00 mW (0.00 mW)               ; --                                ; 0.00 mW (0.00 mW)                 ; |LBM_DE2|adder2:sum_u2                                                                 ;
;     |adder2:sum_ux_uy                       ; 0.00 mW (0.00 mW)                    ; 0.00 mW (0.00 mW)               ; --                                ; 0.00 mW (0.00 mW)                 ; |LBM_DE2|adder2:sum_ux_uy                                                              ;
;     |time_step_counter:timer                ; 0.00 mW (0.00 mW)                    ; 0.00 mW (0.00 mW)               ; --                                ; 0.00 mW (0.00 mW)                 ; |LBM_DE2|time_step_counter:timer                                                       ;
;     |mux3:ux_in_mux                         ; 0.00 mW (0.00 mW)                    ; 0.00 mW (0.00 mW)               ; --                                ; 0.00 mW (0.00 mW)                 ; |LBM_DE2|mux3:ux_in_mux                                                                ;
;     |moment_ram:ux_ram                      ; 0.00 mW (0.00 mW)                    ; 0.00 mW (0.00 mW)               ; --                                ; 0.00 mW (0.00 mW)                 ; |LBM_DE2|moment_ram:ux_ram                                                             ;
;         |altsyncram:mem[0][31]__1           ; 0.00 mW (0.00 mW)                    ; 0.00 mW (0.00 mW)               ; --                                ; 0.00 mW (0.00 mW)                 ; |LBM_DE2|moment_ram:ux_ram|altsyncram:mem[0][31]__1                                    ;
;     |reg32:ux_reg                           ; 0.00 mW (0.00 mW)                    ; 0.00 mW (0.00 mW)               ; --                                ; 0.00 mW (0.00 mW)                 ; |LBM_DE2|reg32:ux_reg                                                                  ;
;     |mux2:uy_in_mux                         ; 0.00 mW (0.00 mW)                    ; 0.00 mW (0.00 mW)               ; --                                ; 0.00 mW (0.00 mW)                 ; |LBM_DE2|mux2:uy_in_mux                                                                ;
;     |moment_ram:uy_ram                      ; 0.00 mW (0.00 mW)                    ; 0.00 mW (0.00 mW)               ; --                                ; 0.00 mW (0.00 mW)                 ; |LBM_DE2|moment_ram:uy_ram                                                             ;
;         |altsyncram:mem[0][31]__1           ; 0.00 mW (0.00 mW)                    ; 0.00 mW (0.00 mW)               ; --                                ; 0.00 mW (0.00 mW)                 ; |LBM_DE2|moment_ram:uy_ram|altsyncram:mem[0][31]__1                                    ;
;     |reg32:uy_reg                           ; 0.00 mW (0.00 mW)                    ; 0.00 mW (0.00 mW)               ; --                                ; 0.00 mW (0.00 mW)                 ; |LBM_DE2|reg32:uy_reg                                                                  ;
;     |wall_detector:wall_det                 ; 0.00 mW (0.00 mW)                    ; 0.00 mW (0.00 mW)               ; --                                ; 0.00 mW (0.00 mW)                 ; |LBM_DE2|wall_detector:wall_det                                                        ;
+---------------------------------------------+--------------------------------------+---------------------------------+-----------------------------------+-----------------------------------+----------------------------------------------------------------------------------------+
(1) Value in parentheses is the power consumed at that level of hierarchy. Value not in parentheses is the power consumed at that level of hierarchy plus the power consumed by all levels of hierarchy below it.

(2) The "Block Thermal Static Power" for all levels of hierarchy except the top-level hierarchy is part of the "Core Static Thermal Power Dissipation" value found on the PowerPlay Power Analyzer-->Summary report panel. The "Core Static Thermal Power Dissipation" also contains the thermal static power dissipated by the routing.


+--------------------------------------------------------------------+
; Core Dynamic Thermal Power Dissipation by Clock Domain             ;
+-----------------+-----------------------+--------------------------+
; Clock Domain    ; Clock Frequency (MHz) ; Total Core Dynamic Power ;
+-----------------+-----------------------+--------------------------+
; No clock domain ; 0.00                  ; 0.00                     ;
+-----------------+-----------------------+--------------------------+


+------------------------------------------------------------------------------------------------------------------------------------+
; Current Drawn from Voltage Supplies Summary                                                                                        ;
+----------------+-------------------------+---------------------------+--------------------------+----------------------------------+
; Voltage Supply ; Total Current Drawn (1) ; Dynamic Current Drawn (1) ; Static Current Drawn (1) ; Minimum Power Supply Current (2) ;
+----------------+-------------------------+---------------------------+--------------------------+----------------------------------+
; VCCINT         ; 7.79 mA                 ; 0.00 mA                   ; 7.79 mA                  ; 7.79 mA                          ;
; VCCIO          ; 12.03 mA                ; 0.00 mA                   ; 12.03 mA                 ; 12.03 mA                         ;
; VCCA           ; 35.00 mA                ; 0.00 mA                   ; 35.00 mA                 ; 35.00 mA                         ;
; VCCD           ; 2.70 mA                 ; 0.00 mA                   ; 2.70 mA                  ; 2.70 mA                          ;
+----------------+-------------------------+---------------------------+--------------------------+----------------------------------+
(1) Currents reported in columns "Total Current Drawn", "Dynamic Current Drawn", and "Static Current Drawn" are sufficient for user operation of the device.  
(2) Currents reported in column "Minimum Power Supply Current" are sufficient for power-up, configuration, and user operation of the device.


+-----------------------------------------------------------------------------------------------+
; VCCIO Supply Current Drawn by I/O Bank                                                        ;
+----------+---------------+---------------------+-----------------------+----------------------+
; I/O Bank ; VCCIO Voltage ; Total Current Drawn ; Dynamic Current Drawn ; Static Current Drawn ;
+----------+---------------+---------------------+-----------------------+----------------------+
; 1        ; 2.5V          ; 1.52 mA             ; 0.00 mA               ; 1.52 mA              ;
; 2        ; 2.5V          ; 1.50 mA             ; 0.00 mA               ; 1.50 mA              ;
; 3        ; 2.5V          ; 1.50 mA             ; 0.00 mA               ; 1.50 mA              ;
; 4        ; 2.5V          ; 1.50 mA             ; 0.00 mA               ; 1.50 mA              ;
; 5        ; 2.5V          ; 1.50 mA             ; 0.00 mA               ; 1.50 mA              ;
; 6        ; 2.5V          ; 1.50 mA             ; 0.00 mA               ; 1.50 mA              ;
; 7        ; 2.5V          ; 1.50 mA             ; 0.00 mA               ; 1.50 mA              ;
; 8        ; 2.5V          ; 1.50 mA             ; 0.00 mA               ; 1.50 mA              ;
+----------+---------------+---------------------+-----------------------+----------------------+


+-----------------------------------------------------------------------------------------------------------------------------------+
; VCCIO Supply Current Drawn by Voltage                                                                                             ;
+---------------+-------------------------+---------------------------+--------------------------+----------------------------------+
; VCCIO Voltage ; Total Current Drawn (1) ; Dynamic Current Drawn (1) ; Static Current Drawn (1) ; Minimum Power Supply Current (2) ;
+---------------+-------------------------+---------------------------+--------------------------+----------------------------------+
; 2.5V          ; 12.03 mA                ; 0.00 mA                   ; 12.03 mA                 ; 12.03 mA                         ;
+---------------+-------------------------+---------------------------+--------------------------+----------------------------------+
(1) Currents reported in columns "Total Current Drawn", "Dynamic Current Drawn", and "Static Current Drawn" are sufficient for user operation of the device.  
(2) Currents reported in column "Minimum Power Supply Current" are sufficient for power-up, configuration, and user operation of the device.


+------------------------------------------------------------------------------------------------------------------------------------------------------+
; Confidence Metric Details                                                                                                                            ;
+----------------------------------------------------------------------------------------+----------------+-----------+---------------+----------------+
; Data Source                                                                            ; Total          ; Pin       ; Registered    ; Combinational  ;
+----------------------------------------------------------------------------------------+----------------+-----------+---------------+----------------+
; Simulation (from file)                                                                 ;                ;           ;               ;                ;
;     -- Number of signals with Toggle Rate from Simulation                              ; 0 (0.0%)       ; 0 (0.0%)  ; 0 (0.0%)      ; 0 (0.0%)       ;
;     -- Number of signals with Static Probability from Simulation                       ; 0 (0.0%)       ; 0 (0.0%)  ; 0 (0.0%)      ; 0 (0.0%)       ;
;                                                                                        ;                ;           ;               ;                ;
; Node, entity or clock assignment                                                       ;                ;           ;               ;                ;
;     -- Number of signals with Toggle Rate from Node, entity or clock assignment        ; 0 (0.0%)       ; 0 (0.0%)  ; 0 (0.0%)      ; 0 (0.0%)       ;
;     -- Number of signals with Static Probability from Node, entity or clock assignment ; 0 (0.0%)       ; 0 (0.0%)  ; 0 (0.0%)      ; 0 (0.0%)       ;
;                                                                                        ;                ;           ;               ;                ;
; Vectorless estimation                                                                  ;                ;           ;               ;                ;
;     -- Number of signals with Toggle Rate from Vectorless estimation                   ; 29118 (100.0%) ; 4 (50.0%) ; 1300 (100.0%) ; 27814 (100.0%) ;
;     -- Number of signals with Zero toggle rate, from Vectorless estimation             ; 1521 (5.2%)    ; 2 (25.0%) ; 0 (0.0%)      ; 1519 (5.5%)    ;
;     -- Number of signals with Static Probability from Vectorless estimation            ; 29118 (100.0%) ; 4 (50.0%) ; 1300 (100.0%) ; 27814 (100.0%) ;
;                                                                                        ;                ;           ;               ;                ;
; Default assignment                                                                     ;                ;           ;               ;                ;
;     -- Number of signals with Toggle Rate from Default assignment                      ; 0 (0.0%)       ; 0 (0.0%)  ; 0 (0.0%)      ; 0 (0.0%)       ;
;     -- Number of signals with Static Probability from Default assignment               ; 4 (0.0%)       ; 4 (50.0%) ; 0 (0.0%)      ; 0 (0.0%)       ;
;                                                                                        ;                ;           ;               ;                ;
; Assumed 0                                                                              ;                ;           ;               ;                ;
;     -- Number of signals with Toggle Rate assumed 0                                    ; 4 (0.0%)       ; 4 (50.0%) ; 0 (0.0%)      ; 0 (0.0%)       ;
+----------------------------------------------------------------------------------------+----------------+-----------+---------------+----------------+


+---------------------------------------------------------------------------------------------------------------------------------------------+
; Signal Activities                                                                                                                           ;
+--------+------+---------------------------------------------+-------------------------+--------------------+--------------------------------+
; Signal ; Type ; Toggle Rate (millions of transitions / sec) ; Toggle Rate Data Source ; Static Probability ; Static Probability Data Source ;
+--------+------+---------------------------------------------+-------------------------+--------------------+--------------------------------+
(1) The "Signal Activity" Table has been hidden. To show this table, please select the "Write signal activities to report file" option under "PowerPlay Power Analyzer Settings".


+-----------------------------------+
; PowerPlay Power Analyzer Messages ;
+-----------------------------------+
Info: *******************************************************************
Info: Running Quartus II 64-Bit PowerPlay Power Analyzer
    Info: Version 13.1.0 Build 162 10/23/2013 SJ Web Edition
    Info: Processing started: Sun Nov 14 17:15:54 2021
Info: Command: quartus_pow --read_settings_files=off --write_settings_files=off LBM_DE2 -c LBM_DE2
Info (21077): Core supply voltage is 1.2V
Info (21077): Low junction temperature is 0 degrees C
Info (21077): High junction temperature is 85 degrees C
Critical Warning (332012): Synopsys Design Constraints File file not found: 'LBM_DE2.sdc'. A Synopsys Design Constraints File is required by the TimeQuest Timing Analyzer to get proper timing constraints. Without it, the Compiler will not properly optimize the design.
Warning (332060): Node: CLOCK_50 was determined to be a clock but was found without an associated clock assignment.
Warning (332068): No clocks defined in design.
Info (223000): Starting Vectorless Power Activity Estimation
Warning (222013): Relative toggle rates could not be calculated because no clock domain could be identified for some nodes
Info (223001): Completed Vectorless Power Activity Estimation
Info (218000): Using Advanced I/O Power to simulate I/O buffers with the specified board trace model
Info (334003): Started post-fitting delay annotation
Info (334004): Delay annotation completed successfully
Info (215049): Average toggle rate for this design is 0.000 millions of transitions / sec
Info (215031): Total thermal power estimate for the design is 130.18 mW
Info: Quartus II 64-Bit PowerPlay Power Analyzer was successful. 0 errors, 4 warnings
    Info: Peak virtual memory: 4812 megabytes
    Info: Processing ended: Sun Nov 14 17:16:14 2021
    Info: Elapsed time: 00:00:20
    Info: Total CPU time (on all processors): 00:00:20


